
2023-08-24 16:40:04 info: Answer get successfully 
2023-08-24 16:40:04 info: Answer get successfully 
2023-08-24 16:40:05 info: Answer get successfully 
2023-08-24 16:40:05 info: Answer get successfully 
2023-08-24 16:40:05 info: Answer get successfully 
2023-08-24 16:40:06 info: Answer get successfully 
2023-08-24 16:40:06 info: Answer get successfully 
2023-08-24 16:40:29 error: Invalid Id 
2023-08-24 16:40:29 error: Invalid Id 
2023-08-24 16:40:29 info: Blog Title get successfully 
2023-08-24 16:40:30 info: Questions Readed successfully 
2023-08-24 16:40:30 info: Answer get successfully 
2023-08-24 16:40:30 info: Answer get successfully 
2023-08-24 16:40:30 info: Answer get successfully 
2023-08-24 16:40:30 info: Answer get successfully 
2023-08-24 16:40:30 info: Answer get successfully 
2023-08-24 16:40:30 info: Answer get successfully 
2023-08-24 16:40:30 info: Answer get successfully 
2023-08-24 16:40:32 info: Answer get successfully 
2023-08-24 16:43:44 error: Invalid Id 
2023-08-24 16:43:44 error: Invalid Id 
2023-08-24 16:43:44 info: Blog Title get successfully 
2023-08-24 16:43:44 info: Questions Readed successfully 
2023-08-24 16:43:45 info: Answer get successfully 
2023-08-24 16:43:45 info: Answer get successfully 
2023-08-24 16:43:45 info: Answer get successfully 
2023-08-24 16:43:45 info: Answer get successfully 
2023-08-24 16:43:45 info: Answer get successfully 
2023-08-24 16:43:45 info: Answer get successfully 
2023-08-24 16:43:45 info: Answer get successfully 
2023-08-24 16:43:45 info: Answer get successfully 
2023-08-24 16:45:54 info: Blog Title get successfully 
2023-08-24 16:45:55 info: Questions Readed successfully 
2023-08-24 16:45:55 info: Answer get successfully 
2023-08-24 16:45:55 info: Answer get successfully 
2023-08-24 16:45:55 info: Answer get successfully 
2023-08-24 16:45:55 info: Answer get successfully 
2023-08-24 16:45:55 info: Answer get successfully 
2023-08-24 16:45:55 info: Answer get successfully 
2023-08-24 16:45:55 info: Answer get successfully 
2023-08-24 16:45:55 info: Answer get successfully 
2023-08-24 16:48:41 info: conneted to database 
2023-08-24 16:49:32 error: Invalid Id 
2023-08-24 16:49:32 error: Invalid Id 
2023-08-24 17:04:08 info: conneted to database 
2023-08-24 17:04:51 info: Signed in successfully 
2023-08-24 17:05:07 error: Invalid Id 
2023-08-24 17:05:07 error: Invalid Id 
2023-08-24 17:05:27 error: Server Error: TypeError: Cannot destructure property 'email' of 'req.cookies' as it is undefined. 
2023-08-24 17:06:44 error: Server Error: TypeError: Cannot destructure property 'email' of 'req.cookies' as it is undefined. 
2023-08-24 17:08:14 info: Signed in successfully 
2023-08-24 17:14:24 info: conneted to database 
2023-08-24 17:14:33 error: Invalid Id 
2023-08-24 17:14:33 error: Invalid Id 
2023-08-24 17:14:33 info: Blog Title get successfully 
2023-08-24 17:14:34 info: Questions Readed successfully 
2023-08-24 17:14:34 info: Answer get successfully 
2023-08-24 17:14:34 info: Answer get successfully 
2023-08-24 17:14:34 info: Answer get successfully 
2023-08-24 17:14:35 info: Answer get successfully 
2023-08-24 17:14:35 info: Answer get successfully 
2023-08-24 17:14:35 info: Answer get successfully 
2023-08-24 17:14:36 info: Answer get successfully 
2023-08-24 17:14:36 info: Answer get successfully 
2023-08-24 17:15:04 info: Signed in successfully 
2023-08-24 17:16:23 info: Signed in successfully 
2023-08-24 17:55:38 info: Blog Title get successfully 
2023-08-24 17:55:40 info: Questions Readed successfully 
2023-08-24 17:55:40 info: Answer get successfully 
2023-08-24 17:55:41 info: Answer get successfully 
2023-08-24 17:55:41 info: Answer get successfully 
2023-08-24 17:55:41 info: Answer get successfully 
2023-08-24 17:55:41 info: Answer get successfully 
2023-08-24 17:55:41 info: Answer get successfully 
2023-08-24 17:55:42 info: Answer get successfully 
2023-08-24 17:55:42 info: Answer get successfully 
2023-08-24 17:56:09 error: Server Error: TypeError: Cannot read properties of null (reading '_id') 
2023-08-24 17:58:12 info: conneted to database 
2023-08-24 17:58:22 error: Server Error: TypeError: Cannot read properties of null (reading '_id') 
2023-08-24 17:58:43 error: Server Error: TypeError: Cannot read properties of null (reading '_id') 
2023-08-24 17:58:50 error: Server Error: TypeError: Cannot read properties of null (reading '_id') 
2023-08-24 18:00:49 info: conneted to database 
2023-08-24 18:01:08 info: Signed in successfully 
2023-08-24 18:01:38 info: Reset password email sent 
2023-08-24 18:02:02 error: Server Error: TypeError: Cannot read properties of null (reading '_id') 
2023-08-24 18:02:06 error: Invalid Id 
2023-08-24 18:02:06 error: Invalid Id 
2023-08-24 18:02:06 info: Blog Title get successfully 
2023-08-24 18:02:07 info: Questions Readed successfully 
2023-08-24 18:02:07 info: Answer get successfully 
2023-08-24 18:02:07 info: Answer get successfully 
2023-08-24 18:02:07 info: Answer get successfully 
2023-08-24 18:02:07 info: Answer get successfully 
2023-08-24 18:02:07 info: Answer get successfully 
2023-08-24 18:02:07 info: Answer get successfully 
2023-08-24 18:02:08 info: Answer get successfully 
2023-08-24 18:02:08 info: Answer get successfully 
2023-08-24 18:02:20 error: Server Error: TypeError: Cannot read properties of null (reading '_id') 
2023-08-24 18:02:51 info: Reset password email sent 
2023-08-24 18:03:32 info: Reset password email sent 
2023-08-24 18:05:58 error: Invalid Id 
2023-08-24 18:05:58 error: Invalid Id 
2023-08-24 18:05:59 info: Blog Title get successfully 
2023-08-24 18:05:59 info: Questions Readed successfully 
2023-08-24 18:05:59 info: Answer get successfully 
2023-08-24 18:05:59 info: Answer get successfully 
2023-08-24 18:05:59 info: Answer get successfully 
2023-08-24 18:05:59 info: Answer get successfully 
2023-08-24 18:05:59 info: Answer get successfully 
2023-08-24 18:05:59 info: Answer get successfully 
2023-08-24 18:05:59 info: Answer get successfully 
2023-08-24 18:06:01 info: Answer get successfully 
2023-08-24 18:07:38 error: Server Error: RestError: getaddrinfo EAI_AGAIN techforum-email.india.communication.azure.com 
2023-08-24 18:14:40 info: conneted to database 
2023-08-24 18:15:49 error: Invalid Id 
2023-08-24 18:15:49 error: Invalid Id 
2023-08-24 18:15:49 info: Blog Title get successfully 
2023-08-24 18:15:49 info: Questions Readed successfully 
2023-08-24 18:15:50 info: Answer get successfully 
2023-08-24 18:15:50 info: Answer get successfully 
2023-08-24 18:15:50 info: Answer get successfully 
2023-08-24 18:15:50 info: Answer get successfully 
2023-08-24 18:15:50 info: Answer get successfully 
2023-08-24 18:15:50 info: Answer get successfully 
2023-08-24 18:15:52 info: Answer get successfully 
2023-08-24 18:15:52 info: Answer get successfully 
2023-08-24 18:16:53 info: Reset password email sent 
2023-08-24 18:17:32 error: Invalid Id 
2023-08-24 18:17:32 error: Invalid Id 
2023-08-24 18:17:49 error: Server Error: TypeError: Cannot destructure property 'email' of 'req.cookies' as it is undefined. 
2023-08-24 18:19:25 info: conneted to database 
2023-08-24 18:20:02 info: Reset password email sent 
2023-08-24 18:20:34 error: Invalid Id 
2023-08-24 18:20:34 error: Invalid Id 
2023-08-24 18:20:48 error: Missing email or password 
2023-08-24 18:24:28 info: conneted to database 
2023-08-24 18:24:54 info: Reset password email sent 
2023-08-24 18:25:57 error: Missing email or password 
2023-08-24 18:27:20 info: conneted to database 
2023-08-24 18:27:23 error: Missing email or password 
2023-08-24 18:29:15 info: conneted to database 
2023-08-24 18:29:18 error: Missing email or password 
2023-08-24 18:32:02 info: conneted to database 
2023-08-24 18:32:08 error: Missing email or password 
2023-08-24 18:32:41 info: conneted to database 
2023-08-24 18:32:45 error: Missing email or password 
2023-08-24 18:33:44 info: conneted to database 
2023-08-24 18:33:56 error: Missing email or password 
2023-08-24 18:34:36 info: conneted to database 
2023-08-24 18:34:40 error: Missing email or password 
2023-08-24 18:35:25 info: conneted to database 
2023-08-24 18:35:28 error: Missing email or password 
2023-08-24 18:36:22 info: conneted to database 
2023-08-24 18:36:25 error: Missing email or password 
2023-08-24 18:37:45 info: conneted to database 
2023-08-24 18:37:51 error: Missing email or password 
2023-08-24 18:39:53 info: conneted to database 
2023-08-24 18:39:57 error: Server Error: TypeError: Cannot read properties of undefined (reading 'slice') 
2023-08-24 18:41:20 info: conneted to database 
2023-08-24 18:41:41 error: Server Error: ReferenceError: Cannot access 'email' before initialization 
2023-08-24 18:42:34 info: conneted to database 
2023-08-24 18:42:39 error: Invalid Email or user 
2023-08-24 18:44:41 error: Invalid Id 
2023-08-24 18:44:41 error: Invalid Id 
2023-08-24 18:44:41 error: Invalid Id 
2023-08-24 18:44:41 error: Invalid Id 
2023-08-24 18:44:41 error: Invalid Id 
2023-08-24 18:44:41 error: Invalid Id 
2023-08-24 18:44:42 info: Blog Title get successfully 
2023-08-24 18:44:42 info: Blog Title get successfully 
2023-08-24 18:44:42 info: Questions Readed successfully 
2023-08-24 18:44:43 info: Answer get successfully 
2023-08-24 18:44:43 info: Answer get successfully 
2023-08-24 18:44:43 info: Answer get successfully 
2023-08-24 18:44:43 info: Answer get successfully 
2023-08-24 18:44:43 info: Answer get successfully 
2023-08-24 18:44:43 info: Questions Readed successfully 
2023-08-24 18:44:43 info: Answer get successfully 
2023-08-24 18:44:44 info: Answer get successfully 
2023-08-24 18:44:44 info: Answer get successfully 
2023-08-24 18:44:44 info: Answer get successfully 
2023-08-24 18:44:44 info: Answer get successfully 
2023-08-24 18:44:44 info: Answer get successfully 
2023-08-24 18:44:44 info: Answer get successfully 
2023-08-24 18:44:44 info: Answer get successfully 
2023-08-24 18:44:44 info: Answer get successfully 
2023-08-24 18:44:45 info: Answer get successfully 
2023-08-24 18:44:45 info: Answer get successfully 
2023-08-24 18:44:51 error: Invalid Id 
2023-08-24 18:44:51 error: Invalid Id 
2023-08-24 18:44:52 error: Invalid Id 
2023-08-24 18:44:52 error: Invalid Id 
2023-08-24 18:44:52 error: Invalid Id 
2023-08-24 18:44:52 error: Invalid Id 
2023-08-24 18:44:52 info: Blog Title get successfully 
2023-08-24 18:44:53 info: Blog Title get successfully 
2023-08-24 18:44:53 info: Questions Readed successfully 
2023-08-24 18:44:53 info: Answer get successfully 
2023-08-24 18:44:53 info: Answer get successfully 
2023-08-24 18:44:53 info: Answer get successfully 
2023-08-24 18:44:53 info: Answer get successfully 
2023-08-24 18:44:53 info: Answer get successfully 
2023-08-24 18:44:53 info: Answer get successfully 
2023-08-24 18:44:53 info: Answer get successfully 
2023-08-24 18:44:54 info: Questions Readed successfully 
2023-08-24 18:44:54 info: Answer get successfully 
2023-08-24 18:44:54 info: Answer get successfully 
2023-08-24 18:44:54 info: Answer get successfully 
2023-08-24 18:44:54 info: Answer get successfully 
2023-08-24 18:44:54 info: Answer get successfully 
2023-08-24 18:44:54 info: Answer get successfully 
2023-08-24 18:44:54 info: Answer get successfully 
2023-08-24 18:44:55 info: Answer get successfully 
2023-08-24 18:44:55 info: Answer get successfully 
2023-08-24 18:49:51 info: conneted to database 
2023-08-24 18:50:03 info: Password updated successfully 
2023-08-24 18:54:23 info: conneted to database 
2023-08-24 18:54:47 info: Reset password email sent 
2023-08-24 18:55:41 info: Password updated successfully 
2023-08-24 18:56:08 info: Reset password email sent 
2023-08-24 18:56:33 info: Password updated successfully 
2023-08-24 18:56:50 error: Server Error: TypeError: Cannot read properties of undefined (reading 'slice') 
2023-08-24 18:57:29 error: Invalid Id 
2023-08-24 18:57:29 error: Invalid Id 
2023-08-24 18:57:30 info: Blog Title get successfully 
2023-08-24 18:57:30 info: Questions Readed successfully 
2023-08-24 18:57:31 info: Answer get successfully 
2023-08-24 18:57:31 info: Answer get successfully 
2023-08-24 18:57:31 info: Answer get successfully 
2023-08-24 18:57:31 info: Answer get successfully 
2023-08-24 18:57:31 info: Answer get successfully 
2023-08-24 18:57:31 info: Answer get successfully 
2023-08-24 18:57:33 info: Answer get successfully 
2023-08-24 18:57:33 info: Answer get successfully 
2023-08-24 18:58:16 info: Reset password email sent 
2023-08-24 18:58:52 error: Invalid Id 
2023-08-24 18:58:52 error: Invalid Id 
2023-08-24 18:59:14 error: Invalid Email or user 
2023-08-24 18:59:39 error: Invalid Email or user 
2023-08-24 19:01:01 info: conneted to database 
2023-08-24 19:01:11 error: Invalid Email or user 
2023-08-24 19:02:32 info: conneted to database 
2023-08-24 19:02:35 error: Invalid Email or user 
2023-08-24 19:03:27 info: conneted to database 
2023-08-24 19:03:32 error: Invalid Email or user 
2023-08-24 19:07:03 info: conneted to database 
2023-08-24 19:07:09 error: Invalid Email or user 
2023-08-24 19:09:23 info: Reset password email sent 
2023-08-24 19:09:54 error: Invalid Id 
2023-08-24 19:09:54 error: Invalid Id 
2023-08-24 19:10:06 error: Invalid Email or user 
2023-08-24 19:11:57 info: conneted to database 
2023-08-24 19:12:12 info: Reset password email sent 
2023-08-24 19:12:40 error: Invalid Id 
2023-08-24 19:12:40 error: Invalid Id 
2023-08-24 19:13:14 error: Invalid Email or user 
2023-08-24 19:13:58 info: Reset password email sent 
2023-08-24 19:14:16 info: Password updated successfully 
2023-08-24 19:15:36 info: conneted to database 
2023-08-24 19:15:59 error: Invalid Id 
2023-08-24 19:15:59 error: Invalid Id 
2023-08-24 19:15:59 info: Blog Title get successfully 
2023-08-24 19:16:00 info: Questions Readed successfully 
2023-08-24 19:16:01 info: Answer get successfully 
2023-08-24 19:16:01 info: Answer get successfully 
2023-08-24 19:16:01 info: Answer get successfully 
2023-08-24 19:16:01 info: Answer get successfully 
2023-08-24 19:16:01 info: Answer get successfully 
2023-08-24 19:16:01 info: Answer get successfully 
2023-08-24 19:16:01 error: Invalid Id 
2023-08-24 19:16:01 error: Invalid Id 
2023-08-24 19:16:01 info: Blog Title get successfully 
2023-08-24 19:16:02 info: Questions Readed successfully 
2023-08-24 19:16:02 info: Answer get successfully 
2023-08-24 19:16:02 info: Answer get successfully 
2023-08-24 19:16:02 info: Answer get successfully 
2023-08-24 19:16:02 info: Answer get successfully 
2023-08-24 19:16:02 info: Answer get successfully 
2023-08-24 19:16:02 info: Answer get successfully 
2023-08-24 19:16:02 info: Answer get successfully 
2023-08-24 19:16:03 info: Answer get successfully 
2023-08-24 19:16:03 info: Answer get successfully 
2023-08-24 19:16:03 info: Answer get successfully 
2023-08-24 19:16:37 info: Reset password email sent 
2023-08-24 19:17:05 error: Invalid Id 
2023-08-24 19:17:06 error: Invalid Id 
2023-08-24 19:17:18 error: Invalid Email or user 
